<?xml version="1.0" encoding="UTF-8"?>
<testsuite xmlns:xsi="http://www.w3.org/2001/XMLSchema-instance" xsi:noNamespaceSchemaLocation="https://maven.apache.org/surefire/maven-failsafe-plugin/xsd/failsafe-test-report-3.0.xsd" version="3.0" name="com.mycompany.trabajointegrador.EquipoIT" time="0.648" tests="1" errors="0" skipped="0" failures="0">
  <properties>
[...]
</properties>
  <testcase name="testMostrarEquipoSeleccionado" classname="com.mycompany.trabajointegrador.EquipoIT" time="0.575">
    <system-out><![CDATA[mostrarEquipoSeleccionado
ID del equipo: 1
Nombre del equipo: boca junior
Jugadores titulares: 5
Jugadores suplentes: 5
Director técnico: david pereyra
Puntos acumulados: 6
Partidos jugados: 3
]]></system-out>
  </testcase>
</testsuite>